# JRE version: OpenJDK Runtime Environment (11.0.5+10) (build 11.0.5+10-b520.38)
# Java VM: OpenJDK 64-Bit Server VM (11.0.5+10-b520.38, mixed mode, sharing, tiered, compressed oops, concurrent mark sweep gc, windows-amd64)
Heap:
 par new generation   total 39296K, used 11247K [0x00000000c1400000, 0x00000000c3ea0000, 0x00000000d62a0000)
  eden space 34944K,  19% used [0x00000000c1400000, 0x00000000c1abbcc0, 0x00000000c3620000)
  from space 4352K, 100% used [0x00000000c3a60000, 0x00000000c3ea0000, 0x00000000c3ea0000)
  to   space 4352K,   0% used [0x00000000c3620000, 0x00000000c3620000, 0x00000000c3a60000)
 concurrent mark-sweep generation total 295360K, used 200796K [0x00000000d62a0000, 0x00000000e8310000, 0x0000000100000000)
 Metaspace       used 370675K, capacity 385460K, committed 385812K, reserved 1384448K
  class space    used 45013K, capacity 50569K, committed 50680K, reserved 1048576K
GC Heap History (20 events):
Event: 68115.243 GC heap before
{Heap before GC invocations=1149 (full 14):
 par new generation   total 39296K, used 36754K [0x00000000c1400000, 0x00000000c3ea0000, 0x00000000d62a0000)
  eden space 34944K, 100% used [0x00000000c1400000, 0x00000000c3620000, 0x00000000c3620000)
  from space 4352K,  41% used [0x00000000c3a60000, 0x00000000c3c24a10, 0x00000000c3ea0000)
  to   space 4352K,   0% used [0x00000000c3620000, 0x00000000c3620000, 0x00000000c3a60000)
 concurrent mark-sweep generation total 295360K, used 198579K [0x00000000d62a0000, 0x00000000e8310000, 0x0000000100000000)
 Metaspace       used 370445K, capacity 385197K, committed 385812K, reserved 1384448K
  class space    used 44969K, capacity 50526K, committed 50680K, reserved 1048576K
}
Event: 68115.246 GC heap after
{Heap after GC invocations=1150 (full 14):
 par new generation   total 39296K, used 2099K [0x00000000c1400000, 0x00000000c3ea0000, 0x00000000d62a0000)
  eden space 34944K,   0% used [0x00000000c1400000, 0x00000000c1400000, 0x00000000c3620000)
  from space 4352K,  48% used [0x00000000c3620000, 0x00000000c382ce98, 0x00000000c3a60000)
  to   space 4352K,   0% used [0x00000000c3a60000, 0x00000000c3a60000, 0x00000000c3ea0000)
 concurrent mark-sweep generation total 295360K, used 198610K [0x00000000d62a0000, 0x00000000e8310000, 0x0000000100000000)
 Metaspace       used 370445K, capacity 385197K, committed 385812K, reserved 1384448K
  class space    used 44969K, capacity 50526K, committed 50680K, reserved 1048576K
}
Event: 68116.861 GC heap before
{Heap before GC invocations=1150 (full 14):
 par new generation   total 39296K, used 37043K [0x00000000c1400000, 0x00000000c3ea0000, 0x00000000d62a0000)
  eden space 34944K,  99% used [0x00000000c1400000, 0x00000000c361fdd8, 0x00000000c3620000)
  from space 4352K,  48% used [0x00000000c3620000, 0x00000000c382ce98, 0x00000000c3a60000)
  to   space 4352K,   0% used [0x00000000c3a60000, 0x00000000c3a60000, 0x00000000c3ea0000)
 concurrent mark-sweep generation total 295360K, used 198610K [0x00000000d62a0000, 0x00000000e8310000, 0x0000000100000000)
 Metaspace       used 370445K, capacity 385197K, committed 385812K, reserved 1384448K
  class space    used 44969K, capacity 50526K, committed 50680K, reserved 1048576K
}
Event: 68116.869 GC heap after
{Heap after GC invocations=1151 (full 14):
 par new generation   total 39296K, used 2431K [0x00000000c1400000, 0x00000000c3ea0000, 0x00000000d62a0000)
  eden space 34944K,   0% used [0x00000000c1400000, 0x00000000c1400000, 0x00000000c3620000)
  from space 4352K,  55% used [0x00000000c3a60000, 0x00000000c3cbffa0, 0x00000000c3ea0000)
  to   space 4352K,   0% used [0x00000000c3620000, 0x00000000c3620000, 0x00000000c3a60000)
 concurrent mark-sweep generation total 295360K, used 198660K [0x00000000d62a0000, 0x00000000e8310000, 0x0000000100000000)
 Metaspace       used 370445K, capacity 385197K, committed 385812K, reserved 1384448K
  class space    used 44969K, capacity 50526K, committed 50680K, reserved 1048576K
}
Event: 68117.993 GC heap before
{Heap before GC invocations=1151 (full 14):
 par new generation   total 39296K, used 37375K [0x00000000c1400000, 0x00000000c3ea0000, 0x00000000d62a0000)
  eden space 34944K, 100% used [0x00000000c1400000, 0x00000000c3620000, 0x00000000c3620000)
  from space 4352K,  55% used [0x00000000c3a60000, 0x00000000c3cbffa0, 0x00000000c3ea0000)
  to   space 4352K,   0% used [0x00000000c3620000, 0x00000000c3620000, 0x00000000c3a60000)
 concurrent mark-sweep generation total 295360K, used 198660K [0x00000000d62a0000, 0x00000000e8310000, 0x0000000100000000)
 Metaspace       used 370450K, capacity 385197K, committed 385812K, reserved 1384448K
  class space    used 44969K, capacity 50526K, committed 50680K, reserved 1048576K
}
Event: 68117.997 GC heap after
{Heap after GC invocations=1152 (full 14):
 par new generation   total 39296K, used 2556K [0x00000000c1400000, 0x00000000c3ea0000, 0x00000000d62a0000)
  eden space 34944K,   0% used [0x00000000c1400000, 0x00000000c1400000, 0x00000000c3620000)
  from space 4352K,  58% used [0x00000000c3620000, 0x00000000c389f2a0, 0x00000000c3a60000)
  to   space 4352K,   0% used [0x00000000c3a60000, 0x00000000c3a60000, 0x00000000c3ea0000)
 concurrent mark-sweep generation total 295360K, used 198671K [0x00000000d62a0000, 0x00000000e8310000, 0x0000000100000000)
 Metaspace       used 370450K, capacity 385197K, committed 385812K, reserved 1384448K
  class space    used 44969K, capacity 50526K, committed 50680K, reserved 1048576K
}
Event: 68137.411 GC heap before
{Heap before GC invocations=1152 (full 14):
 par new generation   total 39296K, used 37500K [0x00000000c1400000, 0x00000000c3ea0000, 0x00000000d62a0000)
  eden space 34944K, 100% used [0x00000000c1400000, 0x00000000c3620000, 0x00000000c3620000)
  from space 4352K,  58% used [0x00000000c3620000, 0x00000000c389f2a0, 0x00000000c3a60000)
  to   space 4352K,   0% used [0x00000000c3a60000, 0x00000000c3a60000, 0x00000000c3ea0000)
 concurrent mark-sweep generation total 295360K, used 198671K [0x00000000d62a0000, 0x00000000e8310000, 0x0000000100000000)
 Metaspace       used 370450K, capacity 385197K, committed 385812K, reserved 1384448K
  class space    used 44969K, capacity 50526K, committed 50680K, reserved 1048576K
}
Event: 68137.414 GC heap after
{Heap after GC invocations=1153 (full 14):
 par new generation   total 39296K, used 2063K [0x00000000c1400000, 0x00000000c3ea0000, 0x00000000d62a0000)
  eden space 34944K,   0% used [0x00000000c1400000, 0x00000000c1400000, 0x00000000c3620000)
  from space 4352K,  47% used [0x00000000c3a60000, 0x00000000c3c63ea8, 0x00000000c3ea0000)
  to   space 4352K,   0% used [0x00000000c3620000, 0x00000000c3620000, 0x00000000c3a60000)
 concurrent mark-sweep generation total 295360K, used 198712K [0x00000000d62a0000, 0x00000000e8310000, 0x0000000100000000)
 Metaspace       used 370450K, capacity 385197K, committed 385812K, reserved 1384448K
  class space    used 44969K, capacity 50526K, committed 50680K, reserved 1048576K
}
Event: 68149.792 GC heap before
{Heap before GC invocations=1153 (full 14):
 par new generation   total 39296K, used 37007K [0x00000000c1400000, 0x00000000c3ea0000, 0x00000000d62a0000)
  eden space 34944K, 100% used [0x00000000c1400000, 0x00000000c3620000, 0x00000000c3620000)
  from space 4352K,  47% used [0x00000000c3a60000, 0x00000000c3c63ea8, 0x00000000c3ea0000)
  to   space 4352K,   0% used [0x00000000c3620000, 0x00000000c3620000, 0x00000000c3a60000)
 concurrent mark-sweep generation total 295360K, used 198712K [0x00000000d62a0000, 0x00000000e8310000, 0x0000000100000000)
 Metaspace       used 370450K, capacity 385197K, committed 385812K, reserved 1384448K
  class space    used 44969K, capacity 50526K, committed 50680K, reserved 1048576K
}
Event: 68149.796 GC heap after
{Heap after GC invocations=1154 (full 14):
 par new generation   total 39296K, used 2165K [0x00000000c1400000, 0x00000000c3ea0000, 0x00000000d62a0000)
  eden space 34944K,   0% used [0x00000000c1400000, 0x00000000c1400000, 0x00000000c3620000)
  from space 4352K,  49% used [0x00000000c3620000, 0x00000000c383d4d0, 0x00000000c3a60000)
  to   space 4352K,   0% used [0x00000000c3a60000, 0x00000000c3a60000, 0x00000000c3ea0000)
 concurrent mark-sweep generation total 295360K, used 198726K [0x00000000d62a0000, 0x00000000e8310000, 0x0000000100000000)
 Metaspace       used 370450K, capacity 385197K, committed 385812K, reserved 1384448K
  class space    used 44969K, capacity 50526K, committed 50680K, reserved 1048576K
}
Event: 68153.397 GC heap before
{Heap before GC invocations=1154 (full 14):
 par new generation   total 39296K, used 37109K [0x00000000c1400000, 0x00000000c3ea0000, 0x00000000d62a0000)
  eden space 34944K, 100% used [0x00000000c1400000, 0x00000000c3620000, 0x00000000c3620000)
  from space 4352K,  49% used [0x00000000c3620000, 0x00000000c383d4d0, 0x00000000c3a60000)
  to   space 4352K,   0% used [0x00000000c3a60000, 0x00000000c3a60000, 0x00000000c3ea0000)
 concurrent mark-sweep generation total 295360K, used 198726K [0x00000000d62a0000, 0x00000000e8310000, 0x0000000100000000)
 Metaspace       used 370450K, capacity 385197K, committed 385812K, reserved 1384448K
  class space    used 44969K, capacity 50526K, committed 50680K, reserved 1048576K
}
Event: 68153.400 GC heap after
{Heap after GC invocations=1155 (full 14):
 par new generation   total 39296K, used 2911K [0x00000000c1400000, 0x00000000c3ea0000, 0x00000000d62a0000)
  eden space 34944K,   0% used [0x00000000c1400000, 0x00000000c1400000, 0x00000000c3620000)
  from space 4352K,  66% used [0x00000000c3a60000, 0x00000000c3d37e90, 0x00000000c3ea0000)
  to   space 4352K,   0% used [0x00000000c3620000, 0x00000000c3620000, 0x00000000c3a60000)
 concurrent mark-sweep generation total 295360K, used 199060K [0x00000000d62a0000, 0x00000000e8310000, 0x0000000100000000)
 Metaspace       used 370450K, capacity 385197K, committed 385812K, reserved 1384448K
  class space    used 44969K, capacity 50526K, committed 50680K, reserved 1048576K
}
Event: 68171.098 GC heap before
{Heap before GC invocations=1155 (full 14):
 par new generation   total 39296K, used 37855K [0x00000000c1400000, 0x00000000c3ea0000, 0x00000000d62a0000)
  eden space 34944K, 100% used [0x00000000c1400000, 0x00000000c3620000, 0x00000000c3620000)
  from space 4352K,  66% used [0x00000000c3a60000, 0x00000000c3d37e90, 0x00000000c3ea0000)
  to   space 4352K,   0% used [0x00000000c3620000, 0x00000000c3620000, 0x00000000c3a60000)
 concurrent mark-sweep generation total 295360K, used 199060K [0x00000000d62a0000, 0x00000000e8310000, 0x0000000100000000)
 Metaspace       used 370450K, capacity 385197K, committed 385812K, reserved 1384448K
  class space    used 44969K, capacity 50526K, committed 50680K, reserved 1048576K
}
Event: 68171.103 GC heap after
{Heap after GC invocations=1156 (full 14):
 par new generation   total 39296K, used 1436K [0x00000000c1400000, 0x00000000c3ea0000, 0x00000000d62a0000)
  eden space 34944K,   0% used [0x00000000c1400000, 0x00000000c1400000, 0x00000000c3620000)
  from space 4352K,  33% used [0x00000000c3620000, 0x00000000c37873f0, 0x00000000c3a60000)
  to   space 4352K,   0% used [0x00000000c3a60000, 0x00000000c3a60000, 0x00000000c3ea0000)
 concurrent mark-sweep generation total 295360K, used 199310K [0x00000000d62a0000, 0x00000000e8310000, 0x0000000100000000)
 Metaspace       used 370450K, capacity 385197K, committed 385812K, reserved 1384448K
  class space    used 44969K, capacity 50526K, committed 50680K, reserved 1048576K
}
Event: 68175.608 GC heap before
{Heap before GC invocations=1156 (full 14):
 par new generation   total 39296K, used 36380K [0x00000000c1400000, 0x00000000c3ea0000, 0x00000000d62a0000)
  eden space 34944K, 100% used [0x00000000c1400000, 0x00000000c3620000, 0x00000000c3620000)
  from space 4352K,  33% used [0x00000000c3620000, 0x00000000c37873f0, 0x00000000c3a60000)
  to   space 4352K,   0% used [0x00000000c3a60000, 0x00000000c3a60000, 0x00000000c3ea0000)
 concurrent mark-sweep generation total 295360K, used 199310K [0x00000000d62a0000, 0x00000000e8310000, 0x0000000100000000)
 Metaspace       used 370470K, capacity 385221K, committed 385812K, reserved 1384448K
  class space    used 44973K, capacity 50531K, committed 50680K, reserved 1048576K
}
Event: 68175.610 GC heap after
{Heap after GC invocations=1157 (full 14):
 par new generation   total 39296K, used 1731K [0x00000000c1400000, 0x00000000c3ea0000, 0x00000000d62a0000)
  eden space 34944K,   0% used [0x00000000c1400000, 0x00000000c1400000, 0x00000000c3620000)
  from space 4352K,  39% used [0x00000000c3a60000, 0x00000000c3c10d30, 0x00000000c3ea0000)
  to   space 4352K,   0% used [0x00000000c3620000, 0x00000000c3620000, 0x00000000c3a60000)
 concurrent mark-sweep generation total 295360K, used 199431K [0x00000000d62a0000, 0x00000000e8310000, 0x0000000100000000)
 Metaspace       used 370470K, capacity 385221K, committed 385812K, reserved 1384448K
  class space    used 44973K, capacity 50531K, committed 50680K, reserved 1048576K
}
Event: 68178.726 GC heap before
{Heap before GC invocations=1157 (full 14):
 par new generation   total 39296K, used 36675K [0x00000000c1400000, 0x00000000c3ea0000, 0x00000000d62a0000)
  eden space 34944K, 100% used [0x00000000c1400000, 0x00000000c3620000, 0x00000000c3620000)
  from space 4352K,  39% used [0x00000000c3a60000, 0x00000000c3c10d30, 0x00000000c3ea0000)
  to   space 4352K,   0% used [0x00000000c3620000, 0x00000000c3620000, 0x00000000c3a60000)
 concurrent mark-sweep generation total 295360K, used 199431K [0x00000000d62a0000, 0x00000000e8310000, 0x0000000100000000)
 Metaspace       used 370483K, capacity 385292K, committed 385812K, reserved 1384448K
  class space    used 44974K, capacity 50532K, committed 50680K, reserved 1048576K
}
Event: 68178.730 GC heap after
{Heap after GC invocations=1158 (full 14):
 par new generation   total 39296K, used 2478K [0x00000000c1400000, 0x00000000c3ea0000, 0x00000000d62a0000)
  eden space 34944K,   0% used [0x00000000c1400000, 0x00000000c1400000, 0x00000000c3620000)
  from space 4352K,  56% used [0x00000000c3620000, 0x00000000c388b850, 0x00000000c3a60000)
  to   space 4352K,   0% used [0x00000000c3a60000, 0x00000000c3a60000, 0x00000000c3ea0000)
 concurrent mark-sweep generation total 295360K, used 199439K [0x00000000d62a0000, 0x00000000e8310000, 0x0000000100000000)
 Metaspace       used 370483K, capacity 385292K, committed 385812K, reserved 1384448K
  class space    used 44974K, capacity 50532K, committed 50680K, reserved 1048576K
}
Event: 68196.290 GC heap before
{Heap before GC invocations=1158 (full 14):
 par new generation   total 39296K, used 37422K [0x00000000c1400000, 0x00000000c3ea0000, 0x00000000d62a0000)
  eden space 34944K, 100% used [0x00000000c1400000, 0x00000000c3620000, 0x00000000c3620000)
  from space 4352K,  56% used [0x00000000c3620000, 0x00000000c388b850, 0x00000000c3a60000)
  to   space 4352K,   0% used [0x00000000c3a60000, 0x00000000c3a60000, 0x00000000c3ea0000)
 concurrent mark-sweep generation total 295360K, used 199439K [0x00000000d62a0000, 0x00000000e8310000, 0x0000000100000000)
 Metaspace       used 370674K, capacity 385460K, committed 385812K, reserved 1384448K
  class space    used 45013K, capacity 50569K, committed 50680K, reserved 1048576K
}
Event: 68196.298 GC heap after
{Heap after GC invocations=1159 (full 14):
 par new generation   total 39296K, used 4352K [0x00000000c1400000, 0x00000000c3ea0000, 0x00000000d62a0000)
  eden space 34944K,   0% used [0x00000000c1400000, 0x00000000c1400000, 0x00000000c3620000)
  from space 4352K, 100% used [0x00000000c3a60000, 0x00000000c3ea0000, 0x00000000c3ea0000)
  to   space 4352K,   0% used [0x00000000c3620000, 0x00000000c3620000, 0x00000000c3a60000)
 concurrent mark-sweep generation total 295360K, used 200796K [0x00000000d62a0000, 0x00000000e8310000, 0x0000000100000000)
 Metaspace       used 370674K, capacity 385460K, committed 385812K, reserved 1384448K
  class space    used 45013K, capacity 50569K, committed 50680K, reserved 1048576K
}

